Build started 12/1/2015 4:42:02 PM.
     1>Project "C:\Users\Theta\Dropbox\labs_vs\yap\kurs2\kursach\forceditor\Forceditor\Forceditor\Forceditor.vcxproj" on node 2 (Build target(s)).
     1>ClCompile:
         C:\Program Files\Microsoft Visual Studio 12.0\VC\bin\CL.exe /c /ZI /nologo /W3 /WX- /Od /Oy- /D WIN32 /D _DEBUG /D _WINDOWS /D _UNICODE /D UNICODE /Gm /EHsc /RTC1 /MDd /GS /fp:precise /Zc:wchar_t /Zc:forScope /Fo"Debug\\" /Fd"Debug\vc120.pdb" /Gd /TP /analyze- /errorReport:prompt settingsDialog.cpp
         settingsDialog.cpp
       Link:
         C:\Program Files\Microsoft Visual Studio 12.0\VC\bin\link.exe /ERRORREPORT:PROMPT /OUT:"C:\Users\Theta\Dropbox\labs_vs\yap\kurs2\kursach\forceditor\Forceditor\Debug\Forceditor.exe" /INCREMENTAL /NOLOGO kernel32.lib user32.lib gdi32.lib winspool.lib comdlg32.lib advapi32.lib shell32.lib ole32.lib oleaut32.lib uuid.lib odbc32.lib odbccp32.lib kernel32.lib user32.lib gdi32.lib winspool.lib comdlg32.lib advapi32.lib shell32.lib ole32.lib oleaut32.lib uuid.lib odbc32.lib odbccp32.lib /MANIFEST /MANIFESTUAC:"level='asInvoker' uiAccess='false'" /manifest:embed /manifestinput:forceditor.manifest /DEBUG /PDB:"C:\Users\Theta\Dropbox\labs_vs\yap\kurs2\kursach\forceditor\Forceditor\Debug\Forceditor.pdb" /SUBSYSTEM:WINDOWS /TLBID:1 /DYNAMICBASE /NXCOMPAT /IMPLIB:"C:\Users\Theta\Dropbox\labs_vs\yap\kurs2\kursach\forceditor\Forceditor\Debug\Forceditor.lib" /MACHINE:X86 Debug\appconst.obj
         Debug\chkModule.obj
         Debug\fileIO.obj
         Debug\globalVars.obj
         Debug\inAppPrefs.obj
         Debug\main.obj
         Debug\mainEditControl.obj
         Debug\mainMenu.obj
         Debug\mainPrefs.obj
         Debug\mainWindowProc.obj
         Debug\prefsDialog.obj
         Debug\settingsDialog.obj
         Debug\splashScreen.obj
         Debug\statusControl.obj
         Forceditor.vcxproj -> C:\Users\Theta\Dropbox\labs_vs\yap\kurs2\kursach\forceditor\Forceditor\Debug\Forceditor.exe
     1>Done Building Project "C:\Users\Theta\Dropbox\labs_vs\yap\kurs2\kursach\forceditor\Forceditor\Forceditor\Forceditor.vcxproj" (Build target(s)).

Build succeeded.

Time Elapsed 00:00:02.63
