c:\users\theta3\dropbox\labs_vs\yap\kurs2\kursach\forceditor\forceditor\forceditor\debug\vc120.pdb
c:\users\theta3\dropbox\labs_vs\yap\kurs2\kursach\forceditor\forceditor\forceditor\debug\vc120.idb
c:\users\theta3\dropbox\labs_vs\yap\kurs2\kursach\forceditor\forceditor\forceditor\debug\appconst.obj
c:\users\theta3\dropbox\labs_vs\yap\kurs2\kursach\forceditor\forceditor\forceditor\debug\chkmodule.obj
c:\users\theta3\dropbox\labs_vs\yap\kurs2\kursach\forceditor\forceditor\forceditor\debug\clipboardops.obj
c:\users\theta3\dropbox\labs_vs\yap\kurs2\kursach\forceditor\forceditor\forceditor\debug\fileio.obj
c:\users\theta3\dropbox\labs_vs\yap\kurs2\kursach\forceditor\forceditor\forceditor\debug\globalvars.obj
c:\users\theta3\dropbox\labs_vs\yap\kurs2\kursach\forceditor\forceditor\forceditor\debug\inappprefs.obj
c:\users\theta3\dropbox\labs_vs\yap\kurs2\kursach\forceditor\forceditor\forceditor\debug\main.obj
c:\users\theta3\dropbox\labs_vs\yap\kurs2\kursach\forceditor\forceditor\forceditor\debug\maineditcontrol.obj
c:\users\theta3\dropbox\labs_vs\yap\kurs2\kursach\forceditor\forceditor\forceditor\debug\mainmenu.obj
c:\users\theta3\dropbox\labs_vs\yap\kurs2\kursach\forceditor\forceditor\forceditor\debug\mainprefs.obj
c:\users\theta3\dropbox\labs_vs\yap\kurs2\kursach\forceditor\forceditor\forceditor\debug\mainwindowproc.obj
c:\users\theta3\dropbox\labs_vs\yap\kurs2\kursach\forceditor\forceditor\forceditor\debug\prefsdialog.obj
c:\users\theta3\dropbox\labs_vs\yap\kurs2\kursach\forceditor\forceditor\forceditor\debug\richeditproc.obj
c:\users\theta3\dropbox\labs_vs\yap\kurs2\kursach\forceditor\forceditor\forceditor\debug\settingsdialog.obj
c:\users\theta3\dropbox\labs_vs\yap\kurs2\kursach\forceditor\forceditor\forceditor\debug\splashscreen.obj
c:\users\theta3\dropbox\labs_vs\yap\kurs2\kursach\forceditor\forceditor\forceditor\debug\statuscontrol.obj
c:\users\theta3\dropbox\labs_vs\yap\kurs2\kursach\forceditor\forceditor\forceditor\debug\stddialogboxes.obj
c:\users\theta3\dropbox\labs_vs\yap\kurs2\kursach\forceditor\forceditor\forceditor\debug\toolbarcontrol.obj
c:\users\theta3\dropbox\labs_vs\yap\kurs2\kursach\forceditor\forceditor\debug\forceditor.ilk
c:\users\theta3\dropbox\labs_vs\yap\kurs2\kursach\forceditor\forceditor\debug\forceditor.exe
c:\users\theta3\dropbox\labs_vs\yap\kurs2\kursach\forceditor\forceditor\debug\forceditor.pdb
c:\users\theta3\dropbox\labs_vs\yap\kurs2\kursach\forceditor\forceditor\forceditor\debug\texedit.res
c:\users\theta3\dropbox\labs_vs\yap\kurs2\kursach\forceditor\forceditor\forceditor\debug\forceditor.exe.embed.manifest.res
c:\users\theta3\dropbox\labs_vs\yap\kurs2\kursach\forceditor\forceditor\forceditor\debug\settingsdialog (thetatron's conflicted copy 2015-12-04).obj
c:\users\theta3\dropbox\labs_vs\yap\kurs2\kursach\forceditor\forceditor\forceditor\debug\forceditor.exe.embed.manifest
c:\users\theta3\dropbox\labs_vs\yap\kurs2\kursach\forceditor\forceditor\forceditor\debug\vc120 (thetatron's conflicted copy 2015-12-04).idb
c:\users\theta3\dropbox\labs_vs\yap\kurs2\kursach\forceditor\forceditor\forceditor\debug\vc120 (thetatron's conflicted copy 2015-12-04).pdb
c:\users\theta3\dropbox\labs_vs\yap\kurs2\kursach\forceditor\forceditor\forceditor\debug\forceditor_manifest.rc
c:\users\theta3\dropbox\labs_vs\yap\kurs2\kursach\forceditor\forceditor\forceditor\debug\forceditor.tlog\cl.command.1 (thetatron's conflicted copy 2015-12-04).tlog
c:\users\theta3\dropbox\labs_vs\yap\kurs2\kursach\forceditor\forceditor\forceditor\debug\forceditor.tlog\cl.command.1.tlog
c:\users\theta3\dropbox\labs_vs\yap\kurs2\kursach\forceditor\forceditor\forceditor\debug\forceditor.tlog\cl.read.1 (thetatron's conflicted copy 2015-12-04).tlog
c:\users\theta3\dropbox\labs_vs\yap\kurs2\kursach\forceditor\forceditor\forceditor\debug\forceditor.tlog\cl.read.1.tlog
c:\users\theta3\dropbox\labs_vs\yap\kurs2\kursach\forceditor\forceditor\forceditor\debug\forceditor.tlog\cl.write.1 (thetatron's conflicted copy 2015-12-04).tlog
c:\users\theta3\dropbox\labs_vs\yap\kurs2\kursach\forceditor\forceditor\forceditor\debug\forceditor.tlog\cl.write.1.tlog
c:\users\theta3\dropbox\labs_vs\yap\kurs2\kursach\forceditor\forceditor\forceditor\debug\forceditor.tlog\link.command.1 (thetatron's conflicted copy 2015-12-04).tlog
c:\users\theta3\dropbox\labs_vs\yap\kurs2\kursach\forceditor\forceditor\forceditor\debug\forceditor.tlog\link.command.1.tlog
c:\users\theta3\dropbox\labs_vs\yap\kurs2\kursach\forceditor\forceditor\forceditor\debug\forceditor.tlog\link.read.1 (thetatron's conflicted copy 2015-12-04).tlog
c:\users\theta3\dropbox\labs_vs\yap\kurs2\kursach\forceditor\forceditor\forceditor\debug\forceditor.tlog\link.write.1 (thetatron's conflicted copy 2015-12-04).tlog
c:\users\theta3\dropbox\labs_vs\yap\kurs2\kursach\forceditor\forceditor\forceditor\debug\forceditor.tlog\rc.command.1.tlog
c:\users\theta3\dropbox\labs_vs\yap\kurs2\kursach\forceditor\forceditor\forceditor\debug\forceditor.tlog\rc.read.1.tlog
c:\users\theta3\dropbox\labs_vs\yap\kurs2\kursach\forceditor\forceditor\forceditor\debug\forceditor.tlog\rc.write.1.tlog
