c:\users\theta1\dropbox\labs_vs\yap\kurs2\kursach\forceditor\forceditor\forceditor\release\vc120.pdb
c:\users\theta1\dropbox\labs_vs\yap\kurs2\kursach\forceditor\forceditor\forceditor\release\toolbarcontrol.obj
c:\users\theta1\dropbox\labs_vs\yap\kurs2\kursach\forceditor\forceditor\forceditor\release\stddialogboxes.obj
c:\users\theta1\dropbox\labs_vs\yap\kurs2\kursach\forceditor\forceditor\forceditor\release\statuscontrol.obj
c:\users\theta1\dropbox\labs_vs\yap\kurs2\kursach\forceditor\forceditor\forceditor\release\splashscreen.obj
c:\users\theta1\dropbox\labs_vs\yap\kurs2\kursach\forceditor\forceditor\forceditor\release\settingsdialog.obj
c:\users\theta1\dropbox\labs_vs\yap\kurs2\kursach\forceditor\forceditor\forceditor\release\service.obj
c:\users\theta1\dropbox\labs_vs\yap\kurs2\kursach\forceditor\forceditor\forceditor\release\richeditproc.obj
c:\users\theta1\dropbox\labs_vs\yap\kurs2\kursach\forceditor\forceditor\forceditor\release\prefsdialog.obj
c:\users\theta1\dropbox\labs_vs\yap\kurs2\kursach\forceditor\forceditor\forceditor\release\mainwindowproc.obj
c:\users\theta1\dropbox\labs_vs\yap\kurs2\kursach\forceditor\forceditor\forceditor\release\mainprefs.obj
c:\users\theta1\dropbox\labs_vs\yap\kurs2\kursach\forceditor\forceditor\forceditor\release\mainmenuutils.obj
c:\users\theta1\dropbox\labs_vs\yap\kurs2\kursach\forceditor\forceditor\forceditor\release\mainmenu.obj
c:\users\theta1\dropbox\labs_vs\yap\kurs2\kursach\forceditor\forceditor\forceditor\release\maineditcontrol.obj
c:\users\theta1\dropbox\labs_vs\yap\kurs2\kursach\forceditor\forceditor\forceditor\release\main.obj
c:\users\theta1\dropbox\labs_vs\yap\kurs2\kursach\forceditor\forceditor\forceditor\release\inappprefs.obj
c:\users\theta1\dropbox\labs_vs\yap\kurs2\kursach\forceditor\forceditor\forceditor\release\globalvars.obj
c:\users\theta1\dropbox\labs_vs\yap\kurs2\kursach\forceditor\forceditor\forceditor\release\fileio.obj
c:\users\theta1\dropbox\labs_vs\yap\kurs2\kursach\forceditor\forceditor\forceditor\release\clipboardops.obj
c:\users\theta1\dropbox\labs_vs\yap\kurs2\kursach\forceditor\forceditor\forceditor\release\chkmodule.obj
c:\users\theta1\dropbox\labs_vs\yap\kurs2\kursach\forceditor\forceditor\forceditor\release\appconst.obj
c:\users\theta1\dropbox\labs_vs\yap\kurs2\kursach\forceditor\forceditor\forceditor\release\translations.obj
c:\users\theta1\dropbox\labs_vs\yap\kurs2\kursach\forceditor\forceditor\forceditor\release\texedit.res
c:\users\theta1\dropbox\labs_vs\yap\kurs2\kursach\forceditor\forceditor\forceditor\release\forceditor.tlog\cl.command.1.tlog
c:\users\theta1\dropbox\labs_vs\yap\kurs2\kursach\forceditor\forceditor\forceditor\release\forceditor.tlog\cl.read.1.tlog
c:\users\theta1\dropbox\labs_vs\yap\kurs2\kursach\forceditor\forceditor\forceditor\release\forceditor.tlog\cl.write.1.tlog
c:\users\theta1\dropbox\labs_vs\yap\kurs2\kursach\forceditor\forceditor\forceditor\release\forceditor.tlog\link.command.1.tlog
c:\users\theta1\dropbox\labs_vs\yap\kurs2\kursach\forceditor\forceditor\forceditor\release\forceditor.tlog\link.read.1.tlog
c:\users\theta1\dropbox\labs_vs\yap\kurs2\kursach\forceditor\forceditor\forceditor\release\forceditor.tlog\link.write.1.tlog
c:\users\theta1\dropbox\labs_vs\yap\kurs2\kursach\forceditor\forceditor\forceditor\release\forceditor.tlog\rc.command.1.tlog
c:\users\theta1\dropbox\labs_vs\yap\kurs2\kursach\forceditor\forceditor\forceditor\release\forceditor.tlog\rc.read.1.tlog
c:\users\theta1\dropbox\labs_vs\yap\kurs2\kursach\forceditor\forceditor\forceditor\release\forceditor.tlog\rc.write.1.tlog
